0 info it worked if it ends with ok
1 verbose cli [ 'C:\\Program Files\\nodejs\\node.exe',
1 verbose cli   'C:\\Program Files\\nodejs\\node_modules\\npm\\bin\\npm-cli.js',
1 verbose cli   'run',
1 verbose cli   'compile:sass' ]
2 info using npm@3.10.10
3 info using node@v6.17.1
4 verbose run-script [ 'precompile:sass', 'compile:sass', 'postcompile:sass' ]
5 info lifecycle html-core@1.0.0~precompile:sass: html-core@1.0.0
6 silly lifecycle html-core@1.0.0~precompile:sass: no script for precompile:sass, continuing
7 info lifecycle html-core@1.0.0~compile:sass: html-core@1.0.0
8 verbose lifecycle html-core@1.0.0~compile:sass: unsafe-perm in lifecycle true
9 verbose lifecycle html-core@1.0.0~compile:sass: PATH: C:\Users\Fachmi\AppData\Roaming\nvm\v6.17.1\node_modules\npm\bin\node-gyp-bin;D:\SALT Project\dbs-vr-website\assets\core\node_modules\.bin;C:\Program Files (x86)\Common Files\Oracle\Java\javapath;C:\WINDOWS\system32;C:\WINDOWS;C:\WINDOWS\System32\Wbem;C:\WINDOWS\System32\WindowsPowerShell\v1.0\;C:\WINDOWS\System32\OpenSSH\;C:\Program Files\Git\cmd;C:\wamp64\bin\php\php7.4.9;C:\Program Files\NVIDIA Corporation\NVIDIA NvDLISR;C:\Program Files (x86)\NVIDIA Corporation\PhysX\Common;C:\ProgramData\ComposerSetup\bin;C:\Users\Fachmi\AppData\Roaming\nvm;C:\Program Files\nodejs;C:\Program Files (x86)\Yarn\bin\;C:\Program Files\PuTTY\;C:\WINDOWS\system32;C:\WINDOWS;C:\WINDOWS\System32\Wbem;C:\WINDOWS\System32\WindowsPowerShell\v1.0\;C:\WINDOWS\System32\OpenSSH\;C:\Users\Fachmi\AppData\Local\Microsoft\WindowsApps;C:\Users\Fachmi\AppData\Local\Programs\Microsoft VS Code\bin;C:\Users\Fachmi\AppData\Roaming\npm;C:\Users\Fachmi\AppData\Roaming\Composer\vendor\bin;C:\wamp64\bin\php\php7.3.12;C:\Users\Fachmi\AppData\Roaming\nvm;C:\Program Files\nodejs;C:\Users\Fachmi\AppData\Local\Yarn\bin;C:\Ruby23-x64\bin;
10 verbose lifecycle html-core@1.0.0~compile:sass: CWD: D:\SALT Project\dbs-vr-website\assets\core
11 silly lifecycle html-core@1.0.0~compile:sass: Args: [ '/d /s /c',
11 silly lifecycle   'node-sass sass/style.scss ../css/style.css -w --output-style compressed' ]
12 silly lifecycle html-core@1.0.0~compile:sass: Returned: code: 1  signal: null
13 info lifecycle html-core@1.0.0~compile:sass: Failed to exec compile:sass script
14 verbose stack Error: html-core@1.0.0 compile:sass: `node-sass sass/style.scss ../css/style.css -w --output-style compressed`
14 verbose stack Exit status 1
14 verbose stack     at EventEmitter.<anonymous> (C:\Users\Fachmi\AppData\Roaming\nvm\v6.17.1\node_modules\npm\lib\utils\lifecycle.js:255:16)
14 verbose stack     at emitTwo (events.js:106:13)
14 verbose stack     at EventEmitter.emit (events.js:191:7)
14 verbose stack     at ChildProcess.<anonymous> (C:\Users\Fachmi\AppData\Roaming\nvm\v6.17.1\node_modules\npm\lib\utils\spawn.js:40:14)
14 verbose stack     at emitTwo (events.js:106:13)
14 verbose stack     at ChildProcess.emit (events.js:191:7)
14 verbose stack     at maybeClose (internal/child_process.js:920:16)
14 verbose stack     at Process.ChildProcess._handle.onexit (internal/child_process.js:230:5)
15 verbose pkgid html-core@1.0.0
16 verbose cwd D:\SALT Project\dbs-vr-website\assets\core
17 error Windows_NT 10.0.19042
18 error argv "C:\\Program Files\\nodejs\\node.exe" "C:\\Program Files\\nodejs\\node_modules\\npm\\bin\\npm-cli.js" "run" "compile:sass"
19 error node v6.17.1
20 error npm  v3.10.10
21 error code ELIFECYCLE
22 error html-core@1.0.0 compile:sass: `node-sass sass/style.scss ../css/style.css -w --output-style compressed`
22 error Exit status 1
23 error Failed at the html-core@1.0.0 compile:sass script 'node-sass sass/style.scss ../css/style.css -w --output-style compressed'.
23 error Make sure you have the latest version of node.js and npm installed.
23 error If you do, this is most likely a problem with the html-core package,
23 error not with npm itself.
23 error Tell the author that this fails on your system:
23 error     node-sass sass/style.scss ../css/style.css -w --output-style compressed
23 error You can get information on how to open an issue for this project with:
23 error     npm bugs html-core
23 error Or if that isn't available, you can get their info via:
23 error     npm owner ls html-core
23 error There is likely additional logging output above.
24 verbose exit [ 1, true ]
